2014-10-09 14:51:10,838 [main] WARN  o.e.r.i.c.rcp.TypeBindingAnalyzer - Can't handle class org.eclipse.jdt.internal.compiler.ast.ArrayReference as parent of completion location.
2014-10-10 14:53:23,732 [main] INFO  o.e.r.s.GitSnippetRepository - Failed to parse query
org.apache.lucene.queryParser.ParseException: Cannot parse '{ (location:java-statements OR location:java OR location:file)': Encountered " <RANGEEX_GOOP> "location:java "" at line 1, column 31.
Was expecting:
    "}" ...
    
	at org.apache.lucene.queryParser.QueryParser.parse(QueryParser.java:211) ~[org.apache.lucene.core_3.5.0.v20120725-1805.jar:3.5.0 1204988 - simon - 2011-11-22 14:46:51]
	at org.eclipse.recommenders.snipmatch.FileSnippetRepository.searchSnippetFiles(FileSnippetRepository.java:324) [org.eclipse.recommenders.snipmatch_2.1.9.v20140917-1240.jar:na]
	at org.eclipse.recommenders.snipmatch.FileSnippetRepository.doSearch(FileSnippetRepository.java:306) [org.eclipse.recommenders.snipmatch_2.1.9.v20140917-1240.jar:na]
	at org.eclipse.recommenders.snipmatch.FileSnippetRepository.search(FileSnippetRepository.java:285) [org.eclipse.recommenders.snipmatch_2.1.9.v20140917-1240.jar:na]
	at org.eclipse.recommenders.internal.snipmatch.rcp.EclipseGitSnippetRepository.search(EclipseGitSnippetRepository.java:217) [org.eclipse.recommenders.snipmatch.rcp_2.1.9.v20140917-1240.jar:na]
	at org.eclipse.recommenders.internal.snipmatch.rcp.SnipmatchContentAssistProcessor.computeCompletionProposals(SnipmatchContentAssistProcessor.java:89) [org.eclipse.recommenders.snipmatch.rcp_2.1.9.v20140917-1240.jar:na]
	at org.eclipse.jface.text.contentassist.ContentAssistant.computeCompletionProposals(ContentAssistant.java:1861) [org.eclipse.jface.text_3.9.1.v20140827-1810.jar:na]
	at org.eclipse.jface.text.contentassist.CompletionProposalPopup.computeProposals(CompletionProposalPopup.java:573) [org.eclipse.jface.text_3.9.1.v20140827-1810.jar:na]
	at org.eclipse.jface.text.contentassist.CompletionProposalPopup.access$16(CompletionProposalPopup.java:570) [org.eclipse.jface.text_3.9.1.v20140827-1810.jar:na]
	at org.eclipse.jface.text.contentassist.CompletionProposalPopup$14.run(CompletionProposalPopup.java:1610) [org.eclipse.jface.text_3.9.1.v20140827-1810.jar:na]
	at org.eclipse.swt.custom.BusyIndicator.showWhile(BusyIndicator.java:70) [org.eclipse.swt.win32.win32.x86_3.103.1.v20140903-1947.jar:na]
	at org.eclipse.jface.text.contentassist.CompletionProposalPopup.incrementalComplete(CompletionProposalPopup.java:1604) [org.eclipse.jface.text_3.9.1.v20140827-1810.jar:na]
	at org.eclipse.jface.text.contentassist.ContentAssistant.showPossibleCompletions(ContentAssistant.java:1686) [org.eclipse.jface.text_3.9.1.v20140827-1810.jar:na]
	at org.eclipse.recommenders.internal.snipmatch.rcp.SnipmatchCompletionEngine$6.modifyText(SnipmatchCompletionEngine.java:240) [org.eclipse.recommenders.snipmatch.rcp_2.1.9.v20140917-1240.jar:na]
	at org.eclipse.swt.widgets.TypedListener.handleEvent(TypedListener.java:179) [org.eclipse.swt.win32.win32.x86_3.103.1.v20140903-1947.jar:na]
	at org.eclipse.swt.widgets.EventTable.sendEvent(EventTable.java:84) [org.eclipse.swt.win32.win32.x86_3.103.1.v20140903-1947.jar:na]
	at org.eclipse.swt.widgets.Display.sendEvent(Display.java:4353) [org.eclipse.swt.win32.win32.x86_3.103.1.v20140903-1947.jar:na]
	at org.eclipse.swt.widgets.Widget.sendEvent(Widget.java:1061) [org.eclipse.swt.win32.win32.x86_3.103.1.v20140903-1947.jar:na]
	at org.eclipse.swt.widgets.Widget.sendEvent(Widget.java:1085) [org.eclipse.swt.win32.win32.x86_3.103.1.v20140903-1947.jar:na]
	at org.eclipse.swt.widgets.Widget.sendEvent(Widget.java:1070) [org.eclipse.swt.win32.win32.x86_3.103.1.v20140903-1947.jar:na]
	at org.eclipse.swt.widgets.Widget.notifyListeners(Widget.java:782) [org.eclipse.swt.win32.win32.x86_3.103.1.v20140903-1947.jar:na]
	at org.eclipse.swt.custom.StyledText.modifyContent(StyledText.java:7276) [org.eclipse.swt.win32.win32.x86_3.103.1.v20140903-1947.jar:na]
	at org.eclipse.swt.custom.StyledText.sendKeyEvent(StyledText.java:8111) [org.eclipse.swt.win32.win32.x86_3.103.1.v20140903-1947.jar:na]
	at org.eclipse.swt.custom.StyledText.doContent(StyledText.java:2481) [org.eclipse.swt.win32.win32.x86_3.103.1.v20140903-1947.jar:na]
	at org.eclipse.swt.custom.StyledText.handleKey(StyledText.java:5955) [org.eclipse.swt.win32.win32.x86_3.103.1.v20140903-1947.jar:na]
	at org.eclipse.swt.custom.StyledText.handleKeyDown(StyledText.java:5986) [org.eclipse.swt.win32.win32.x86_3.103.1.v20140903-1947.jar:na]
	at org.eclipse.swt.custom.StyledText$7.handleEvent(StyledText.java:5663) [org.eclipse.swt.win32.win32.x86_3.103.1.v20140903-1947.jar:na]
	at org.eclipse.swt.widgets.EventTable.sendEvent(EventTable.java:84) [org.eclipse.swt.win32.win32.x86_3.103.1.v20140903-1947.jar:na]
	at org.eclipse.swt.widgets.Display.sendEvent(Display.java:4353) [org.eclipse.swt.win32.win32.x86_3.103.1.v20140903-1947.jar:na]
	at org.eclipse.swt.widgets.Widget.sendEvent(Widget.java:1061) [org.eclipse.swt.win32.win32.x86_3.103.1.v20140903-1947.jar:na]
	at org.eclipse.swt.widgets.Widget.sendEvent(Widget.java:1085) [org.eclipse.swt.win32.win32.x86_3.103.1.v20140903-1947.jar:na]
	at org.eclipse.swt.widgets.Widget.sendEvent(Widget.java:1070) [org.eclipse.swt.win32.win32.x86_3.103.1.v20140903-1947.jar:na]
	at org.eclipse.swt.widgets.Widget.sendKeyEvent(Widget.java:1112) [org.eclipse.swt.win32.win32.x86_3.103.1.v20140903-1947.jar:na]
	at org.eclipse.swt.widgets.Widget.sendKeyEvent(Widget.java:1108) [org.eclipse.swt.win32.win32.x86_3.103.1.v20140903-1947.jar:na]
	at org.eclipse.swt.widgets.Widget.wmChar(Widget.java:1529) [org.eclipse.swt.win32.win32.x86_3.103.1.v20140903-1947.jar:na]
	at org.eclipse.swt.widgets.Control.WM_CHAR(Control.java:4722) [org.eclipse.swt.win32.win32.x86_3.103.1.v20140903-1947.jar:na]
	at org.eclipse.swt.widgets.Canvas.WM_CHAR(Canvas.java:343) [org.eclipse.swt.win32.win32.x86_3.103.1.v20140903-1947.jar:na]
	at org.eclipse.swt.widgets.Control.windowProc(Control.java:4610) [org.eclipse.swt.win32.win32.x86_3.103.1.v20140903-1947.jar:na]
	at org.eclipse.swt.widgets.Canvas.windowProc(Canvas.java:339) [org.eclipse.swt.win32.win32.x86_3.103.1.v20140903-1947.jar:na]
	at org.eclipse.swt.widgets.Display.windowProc(Display.java:5023) [org.eclipse.swt.win32.win32.x86_3.103.1.v20140903-1947.jar:na]
	at org.eclipse.swt.internal.win32.OS.DispatchMessageW(Native Method) [org.eclipse.swt.win32.win32.x86_3.103.1.v20140903-1947.jar:na]
	at org.eclipse.swt.internal.win32.OS.DispatchMessage(OS.java:2549) [org.eclipse.swt.win32.win32.x86_3.103.1.v20140903-1947.jar:na]
	at org.eclipse.swt.widgets.Display.readAndDispatch(Display.java:3759) [org.eclipse.swt.win32.win32.x86_3.103.1.v20140903-1947.jar:na]
	at org.eclipse.e4.ui.internal.workbench.swt.PartRenderingEngine$9.run(PartRenderingEngine.java:1151) [org.eclipse.e4.ui.workbench.swt_0.12.100.v20140530-1436.jar:na]
	at org.eclipse.core.databinding.observable.Realm.runWithDefault(Realm.java:332) [org.eclipse.core.databinding.observable_1.4.1.v20140210-1835.jar:na]
	at org.eclipse.e4.ui.internal.workbench.swt.PartRenderingEngine.run(PartRenderingEngine.java:1032) [org.eclipse.e4.ui.workbench.swt_0.12.100.v20140530-1436.jar:na]
	at org.eclipse.e4.ui.internal.workbench.E4Workbench.createAndRunUI(E4Workbench.java:148) [org.eclipse.e4.ui.workbench_1.2.1.v20140901-1244.jar:na]
	at org.eclipse.ui.internal.Workbench$5.run(Workbench.java:636) [org.eclipse.ui.workbench_3.106.1.v20140827-1737.jar:na]
	at org.eclipse.core.databinding.observable.Realm.runWithDefault(Realm.java:332) [org.eclipse.core.databinding.observable_1.4.1.v20140210-1835.jar:na]
	at org.eclipse.ui.internal.Workbench.createAndRunWorkbench(Workbench.java:579) [org.eclipse.ui.workbench_3.106.1.v20140827-1737.jar:na]
	at org.eclipse.ui.PlatformUI.createAndRunWorkbench(PlatformUI.java:150) [org.eclipse.ui.workbench_3.106.1.v20140827-1737.jar:na]
	at org.eclipse.ui.internal.ide.application.IDEApplication.start(IDEApplication.java:135) [org.eclipse.ui.ide.application_1.0.500.v20140514-2033.jar:na]
	at org.eclipse.equinox.internal.app.EclipseAppHandle.run(EclipseAppHandle.java:196) [org.eclipse.equinox.app_1.3.200.v20130910-1609.jar:na]
	at org.eclipse.core.runtime.internal.adaptor.EclipseAppLauncher.runApplication(EclipseAppLauncher.java:134) [org.eclipse.osgi_3.10.1.v20140909-1633.jar:na]
	at org.eclipse.core.runtime.internal.adaptor.EclipseAppLauncher.start(EclipseAppLauncher.java:104) [org.eclipse.osgi_3.10.1.v20140909-1633.jar:na]
	at org.eclipse.core.runtime.adaptor.EclipseStarter.run(EclipseStarter.java:380) [org.eclipse.osgi_3.10.1.v20140909-1633.jar:na]
	at org.eclipse.core.runtime.adaptor.EclipseStarter.run(EclipseStarter.java:235) [org.eclipse.osgi_3.10.1.v20140909-1633.jar:na]
	at sun.reflect.NativeMethodAccessorImpl.invoke0(Native Method) ~[na:1.8.0_20]
	at sun.reflect.NativeMethodAccessorImpl.invoke(Unknown Source) ~[na:1.8.0_20]
	at sun.reflect.DelegatingMethodAccessorImpl.invoke(Unknown Source) ~[na:1.8.0_20]
	at java.lang.reflect.Method.invoke(Unknown Source) ~[na:1.8.0_20]
	at org.eclipse.equinox.launcher.Main.invokeFramework(Main.java:648) [org.eclipse.equinox.launcher_1.3.0.v20140415-2008.jar:na]
	at org.eclipse.equinox.launcher.Main.basicRun(Main.java:603) [org.eclipse.equinox.launcher_1.3.0.v20140415-2008.jar:na]
	at org.eclipse.equinox.launcher.Main.run(Main.java:1465) [org.eclipse.equinox.launcher_1.3.0.v20140415-2008.jar:na]
Caused by: org.apache.lucene.queryParser.ParseException: Encountered " <RANGEEX_GOOP> "location:java "" at line 1, column 31.
Was expecting:
    "}" ...
    
	at org.apache.lucene.queryParser.QueryParser.generateParseException(QueryParser.java:1818) ~[org.apache.lucene.core_3.5.0.v20120725-1805.jar:3.5.0 1204988 - simon - 2011-11-22 14:46:51]
	at org.apache.lucene.queryParser.QueryParser.jj_consume_token(QueryParser.java:1700) ~[org.apache.lucene.core_3.5.0.v20120725-1805.jar:3.5.0 1204988 - simon - 2011-11-22 14:46:51]
	at org.apache.lucene.queryParser.QueryParser.Term(QueryParser.java:1510) ~[org.apache.lucene.core_3.5.0.v20120725-1805.jar:3.5.0 1204988 - simon - 2011-11-22 14:46:51]
	at org.apache.lucene.queryParser.QueryParser.Clause(QueryParser.java:1309) ~[org.apache.lucene.core_3.5.0.v20120725-1805.jar:3.5.0 1204988 - simon - 2011-11-22 14:46:51]
	at org.apache.lucene.queryParser.QueryParser.Query(QueryParser.java:1237) ~[org.apache.lucene.core_3.5.0.v20120725-1805.jar:3.5.0 1204988 - simon - 2011-11-22 14:46:51]
	at org.apache.lucene.queryParser.QueryParser.TopLevelQuery(QueryParser.java:1226) ~[org.apache.lucene.core_3.5.0.v20120725-1805.jar:3.5.0 1204988 - simon - 2011-11-22 14:46:51]
	at org.apache.lucene.queryParser.QueryParser.parse(QueryParser.java:206) ~[org.apache.lucene.core_3.5.0.v20120725-1805.jar:3.5.0 1204988 - simon - 2011-11-22 14:46:51]
	... 63 common frames omitted
